<?xml version="1.0" encoding="UTF-8"?>
<testng-results skipped="0" failed="0" total="1" passed="1">
  <reporter-output>
  </reporter-output>
  <suite name="Default suite" duration-ms="12614" started-at="2019-03-13T21:28:44Z" finished-at="2019-03-13T21:28:56Z">
    <groups>
    </groups>
    <test name="Default test" duration-ms="12614" started-at="2019-03-13T21:28:44Z" finished-at="2019-03-13T21:28:56Z">
      <class name="Academy.HomePage">
        <test-method status="PASS" signature="intial()[pri:0, instance:Academy.HomePage@4439f31e]" name="intial" is-config="true" duration-ms="4690" started-at="2019-03-13T17:28:44Z" finished-at="2019-03-13T17:28:49Z">
          <reporter-output>
          </reporter-output>
        </test-method> <!-- intial -->
        <test-method status="PASS" signature="openPage()[pri:0, instance:Academy.HomePage@4439f31e]" name="openPage" duration-ms="6832" started-at="2019-03-13T17:28:49Z" finished-at="2019-03-13T17:28:55Z">
          <reporter-output>
          </reporter-output>
        </test-method> <!-- openPage -->
        <test-method status="PASS" signature="close()[pri:0, instance:Academy.HomePage@4439f31e]" name="close" is-config="true" duration-ms="1073" started-at="2019-03-13T17:28:55Z" finished-at="2019-03-13T17:28:56Z">
          <reporter-output>
          </reporter-output>
        </test-method> <!-- close -->
      </class> <!-- Academy.HomePage -->
    </test> <!-- Default test -->
  </suite> <!-- Default suite -->
</testng-results>
